[debug] [2022-04-15T05:41:52.582Z] ----------------------------------------------------------------------
[debug] [2022-04-15T05:41:52.583Z] Command:       /Users/ayanori/.nvm/versions/node/v16.13.1/bin/node /Users/ayanori/.nvm/versions/node/v16.13.1/bin/firebase init hosting
[debug] [2022-04-15T05:41:52.583Z] CLI Version:   10.6.0
[debug] [2022-04-15T05:41:52.583Z] Platform:      darwin
[debug] [2022-04-15T05:41:52.583Z] Node Version:  v16.13.1
[debug] [2022-04-15T05:41:52.584Z] Time:          Fri Apr 15 2022 14:41:52 GMT+0900 (Japan Standard Time)
[debug] [2022-04-15T05:41:52.584Z] ----------------------------------------------------------------------
[debug] 
[debug] [2022-04-15T05:41:52.611Z] > command requires scopes: ["email","openid","https://www.googleapis.com/auth/cloudplatformprojects.readonly","https://www.googleapis.com/auth/firebase","https://www.googleapis.com/auth/cloud-platform"]
[debug] [2022-04-15T05:41:52.611Z] > authorizing via signed-in user (rodrigotoyoda73@gmail.com)
[info] 
     ######## #### ########  ######## ########     ###     ######  ########
     ##        ##  ##     ## ##       ##     ##  ##   ##  ##       ##
     ######    ##  ########  ######   ########  #########  ######  ######
     ##        ##  ##    ##  ##       ##     ## ##     ##       ## ##
     ##       #### ##     ## ######## ########  ##     ##  ######  ########

You're about to initialize a Firebase project in this directory:

  /Users/ayanori/Projects/nextfire

Before we get started, keep in mind:

  * You are initializing within an existing Firebase project directory

[info] 
=== Project Setup
[info] 
[info] First, let's associate this project directory with a Firebase project.
[info] You can create multiple project aliases by running firebase use --add, 
[info] but for now we'll just set up a default project.
[info] 
[debug] [2022-04-15T05:41:52.613Z] Using project from CLI flag: nextfire-56267
[debug] [2022-04-15T05:41:52.614Z] >>> [apiv2][query] GET https://firebase.googleapis.com/v1beta1/projects/nextfire-56267 [none]
[debug] [2022-04-15T05:41:52.934Z] <<< [apiv2][status] GET https://firebase.googleapis.com/v1beta1/projects/nextfire-56267 200
[debug] [2022-04-15T05:41:52.934Z] <<< [apiv2][body] GET https://firebase.googleapis.com/v1beta1/projects/nextfire-56267 {"projectId":"nextfire-56267","projectNumber":"388770356983","displayName":"Nextfire","name":"projects/nextfire-56267","resources":{"hostingSite":"nextfire-56267","storageBucket":"nextfire-56267.appspot.com","locationId":"us-central"},"state":"ACTIVE"}
[info] i  Using project nextfire-56267 (Nextfire) 
[info] 
=== Hosting Setup
[info] 
[info] Your public directory is the folder (relative to your project directory) that
[info] will contain Hosting assets to be uploaded with firebase deploy. If you
[info] have a build process for your assets, use your build's output directory.
[info] 
